<?xml version="1.0" encoding="UTF-8"?>
<!-- Generated by org.testng.reporters.JUnitReportReporter -->
<testsuite hostname="Nasrins-MacBook-Pro.local" failures="0" tests="1" name="testCases.LoginTest" time="2.269" errors="0" timestamp="2024-09-29T13:25:56 EDT" skipped="0">
  <testcase classname="testCases.LoginTest" name="validateLogin" time="2.269"/>
  <system-out/>
</testsuite> <!-- testCases.LoginTest -->
